Astronomy https://www.space.com/feeds/all c2edd5eb4423abe382cba6f22ae12facdd16af369efc72723ae933dfd41d97c8 2023-03-30 19:28:04.808430
Astronomy https://www.space.com/topics/spacex cedf7205185ce0acf449c91f778604d652408d84c144c66378519a1db5e546fb 2023-03-30 19:28:08.229754
Astronomy https://www.space.com/topics/expert-voices 72593dbc72e599d63ad9e74dae52dc6d84818f75ea6ef12d8146da1c59ed7610 2023-03-30 19:28:08.546484
Astronomy https://www.space.com/your-favorite-magazines-space-science-deal-discount.html 13b89536b1d956c602e3318d61c91433c01081c0fd4baa4bb67bc30c23fba25e 2023-03-30 19:28:09.074908
Astronomy https://www.space.com/41418-about-us.html f11784fdc0f819b038b85cbf5370a5391385c2941008ada6cf4e0913bac61cf8 2023-03-30 19:28:09.461474
Economy https://ca.finance.yahoo.com 74ad80c60a6ef6cab5f866885aa4cd8cc375353c4c34b81aef38742bdda9b8d7 2023-03-30 19:28:10.756843
Economy https://ca.finance.yahoo.com/ bf8eaddbdeb4124f3ded74314b0b967dd7cbbc37701cc3ebf8cb91bbcf12266d 2023-03-30 19:28:11.704722
Economy https://ca.finance.yahoo.com/topic/technology/ e2603ae7220618cf35de8713015bf5d225d0cb97765e0b3e02220c4c18c5c109 2023-03-30 19:28:20.232281
Economy https://ca.finance.yahoo.com/quote/%5EGSPTSE?p=%5EGSPTSE 6e433b5ccc5128d9fa1e123c3ed3b74cf444770fb604a7f1548deee5fb2cfa23 2023-03-30 19:28:21.774526
Economy https://ca.finance.yahoo.com/quote/%5EGSPC?p=%5EGSPC ad41a3ac0286af113678973726364e9b45e4c427186ae0515739c06c3953de20 2023-03-30 19:28:25.161701
Health https://www.healthline.com/health/gerd 4dbb788ea3a739e46eee610e5a9be995848c3185f04f5eb8375392e89a87d132 2023-03-30 19:28:31.275093
Health https://www.healthline.com/health/adhd 4904ca2a91e76028d46c9aaefd35b337843d02cdf74262ea632779bf07a3281f 2023-03-30 19:28:31.870407
Health https://www.healthline.com/health/allergies 1bcab2cec7df78495c885f2f817db59d6948908db9d757e1d6bbfe56aa5bfa08 2023-03-30 19:28:32.390542
Health https://www.healthline.com/health/alzheimers-disease a64ce4fb0c4a262ddf71a5f27ecfc0f5c0556a079d51002e7293d17f1a0e5340 2023-03-30 19:28:32.997738
Health https://www.healthline.com/health/bipolar-disorder 7d62fb17c3b1a15503efdc962ecd7ba847ba3797939311937b161515518375fa 2023-03-30 19:28:33.476111
Astronomy https://www.space.com/how-to-turn-off-web-notifications-for-chrome-macos.html 09d01585d21facc6f893ec9c64a6d79ffc107be243f10d5c07dda951ec4092c5 2023-03-31 16:45:04.000849
Astronomy https://www.space.com/moon-water-glass-beads-change-5-reveals b7fcbfdb8efd071adc35935e3af2d0292be63031a9f2d3e3716a854737276ee3 2023-03-31 16:45:04.518129
Astronomy https://www.space.com/16830-full-moon-calendar.html c940e08ab1b7a83a338578dd682ac372328c7bdfcf94b1eb962c62f861f08cca 2023-03-31 16:45:04.895421
Astronomy https://www.space.com/15693-telescopes-beginners-telescope-reviews-buying-guide.html a08683b7fa0a1c186bd0764b110101dad89f280f6383c92cf55b8690adde242d 2023-03-31 16:45:05.825601
Astronomy https://www.space.com/best-star-projectors 5322449ca75317d29c0a85aa917457a0c7224782cb6a60f3555a307f5cd8d86b 2023-03-31 16:45:06.371263
Economy https://ca.finance.yahoo.com/quote/%5EDJI?p=%5EDJI 11b4aaa3187d70a16c89c22c1d694d347e695f73da720bc130836084f7e15ec8 2023-03-31 16:45:20.799566
Economy https://ca.finance.yahoo.com/quote/CADUSD%3DX?p=CADUSD%3DX 74793c55407a933bbbc4a78ab99c0c382cb8c32c89dba2662cc08f4ca84e19fb 2023-03-31 16:45:22.645076
Economy https://ca.finance.yahoo.com/quote/CL%3DF?p=CL%3DF ace07201d1c7ef431a6a50ba779162dba3afffc0c2a65fb997bba1a6d335dd55 2023-03-31 16:45:24.713530
Economy https://ca.finance.yahoo.com/quote/BTC-CAD?p=BTC-CAD a393577201c05a947601113f7c1b378a71105c22de0238204cc433da36f26220 2023-03-31 16:45:26.682282
Economy https://ca.finance.yahoo.com/news/stock-futures-higher-as-first-quarter-wraps-up-stock-market-news-today-125051134.html a6bf23718967495397b0697022db7ec80dccfe61fe8689660bd248e3d52fdf95 2023-03-31 16:45:28.601099
Health https://www.healthline.com/health/cancer 5697f181a257d2bfedb1288642cbde8e383e8a69b2961a7a592842b5e82766fc 2023-03-31 16:45:35.172468
Health https://www.healthline.com/health/crohns-disease e65fcdc287fc4c72287159f512668e48ad8128253d7b1ea867175b4eefa639b7 2023-03-31 16:45:35.686337
Health https://www.healthline.com/health/chronic-pain 011a793dc7d7f4f3413516f348f55e5f5c734512adb8b4aed56f6b3ea54e2b1c 2023-03-31 16:45:36.022816
Health https://www.healthline.com/health/cold-flu 5b332ec7a7b198ff74d4c860d48ab19f0ce6afc406783a38bf3f3295d2f9c47d 2023-03-31 16:45:36.856975
Health https://www.healthline.com/health/copd 3358e80443959c7aaecb2d2a9de6320e0832977d87e38ecb2685266f7e824243 2023-03-31 16:45:37.759681
Astronomy https://www.space.com/32286-space-calendar.html ec2c576162388332a4aca24802d249e38ee899babd89ed4e67ec7f68189cf0b0 2023-03-31 16:55:48.292373
Astronomy https://www.space.com/26021-best-binoculars.html 700533859a015bc1bd956d20d2156c7201624e7c646cd5073d2c4918675aa3e2 2023-03-31 16:55:49.580548
Astronomy https://www.space.com/lego-star-wars-deals 84655c052b05d98f6f3b046e3d55d88c86c9c386378720af3465490a4a9e848b 2023-03-31 16:55:50.569427
Astronomy https://www.space.com/best-drones 747621e8902b9219771ecf7e12ae4db280c580892820a525cbcf1dc39aebd79a 2023-03-31 16:55:51.051489
Astronomy https://www.space.com/16080-solar-system-planets.html ad842cfe7ef3b4adc992d6f4bff7bef54e747030ade48c2c3695890608bd09bc 2023-03-31 16:55:51.631836
Economy https://ca.finance.yahoo.com/news/first-home-savings-account-goes-into-effect-april-1-banks-arent-ready-113138029.html 7314dc8de08e98321ed4e2116816fb0609683f8237245b07dfbe49950b74113c 2023-03-31 16:56:15.122657
Economy https://ca.finance.yahoo.com/news/could-complicate-bank-canadas-job-153751505.html 3b31033cb7b74870d717994209f91de24ff592b860e5d087f12ce20032a79323 2023-03-31 16:56:16.840547
Economy https://ca.finance.yahoo.com/news/industry-minister-deliver-rogers-shaw-080000910.html 0198a41c34ea65aa02267c0da089b238b296257b5b710420979fc6fbac5ffedc 2023-03-31 16:56:17.730046
Economy https://ca.finance.yahoo.com/news/blackberry-posts-us-495-million-214225474.html d8c7a648e1b510cea66d61d4e58277bb52393594fddcaceb2b9502ec8732b1e9 2023-03-31 16:56:18.602115
Economy https://ca.finance.yahoo.com/video/milwaukee-bucks-giannis-antetokounmpo-talks-204121003.html aece2eec49d2b1c82ec0febe28f1d70b654ca406aa8d6dc6b171695bef87f50b 2023-03-31 16:56:19.176022
Health https://www.healthline.com/health/depression 0500f5fad7989a74873fc55830e08c8c07940f00dae774413f67e63bca6bb23e 2023-03-31 16:56:28.034311
Health https://www.healthline.com/health/fibromyalgia 9ca2ffb67a090db880029b87107f6b6840ef2ed2224db63dc5e890d448aeaada 2023-03-31 16:56:28.609522
Health https://www.healthline.com/health/heart-disease cc6a7e1fd1b2e9cd95e0b79aaea22daf0bdb3ab027099a5f680d36e638bea05a 2023-03-31 16:56:29.086893
Health https://www.healthline.com/health/high-cholesterol ec9f873b9bb941e6a19137876926da6c52bb16124498e0fd4d4f6ef986028a4c 2023-03-31 16:56:29.543952
Health https://www.healthline.com/health/hiv-aids 467737282b0abbcba86d4b4c4571ea283b4f67d3db29688b3636d4ac328716ad 2023-03-31 16:56:30.102011
Astronomy https://www.space.com/16149-night-sky.html 3d6684ff3d539d373974c598c482901ca43cc557ea7434bbc286971654d8edcc 2023-03-31 18:08:36.057378
Astronomy https://www.space.com/news/live/russia-ukraine-invasion-space-impacts-updates bd734b989c280d19171a1ad9d758f752755b6ec789da418e5444c60a54aa291d 2023-03-31 18:08:36.726550
Astronomy https://www.space.com/uae-mars-hope-orbiter-new-map cb158f853f029abe780cb7e85b935ce9ef99e2480dbc8d5b26abfbdfb91c5df0 2023-03-31 18:08:37.304263
Astronomy https://www.space.com/moon-rover-astrolab-spacex-starship 19a4208504ce50f8ef0adec02431e3c5783373b88f3dd02b0c03f09b7b7682f6 2023-03-31 18:08:37.636539
Astronomy https://www.space.com/first-observation-of-black-hole-jet-direction-change de4f070f2b87c5e3a73a6183ff2437c4227c3be18565c110dfc85d8f9e721c7f 2023-03-31 18:08:37.896402
Astronomy https://www.space.com/saturn-rings-icy-rain-heating-atmosphere a076fab531555aba49c82fdd8f745adf0d72a2c6b9441b04ba2e381fdba26c77 2023-03-31 18:08:38.219145
Astronomy https://www.space.com/36040-april-full-moon.html 3d1c3b286d73f247d15336119fcaff73df91dedaed8eb5cff7df69ae07edccdd 2023-03-31 18:08:39.002381
Astronomy https://www.space.com/33619-visible-planets-guide.html 6d917a09a0cd8efaaa80fe9b2b1ad8a220884b1ac778ac62828f18ff455b62c8 2023-03-31 18:08:39.315712
Astronomy https://www.space.com/artificial-shooting-star-project-crowdfunding c5b0d1ed9d92bc7dd964350f3758d7f5b8fda5a44f655406ee239428cef520e9 2023-03-31 18:08:39.711983
Astronomy https://www.space.com/spacex-space-force-tranche-0-launch 841806ddc470251745295a884fa50e8ce07cde61ffdb5a0c9d0ad613074a0127 2023-03-31 18:08:40.057313
Economy https://ca.finance.yahoo.com/video/nba-superstar-giannis-antetokounmpo-dont-213954103.html 2a0518f1239d5ec346498d8057f6d6379b276d3997a9283dbb0741c455c6a32e 2023-03-31 18:09:08.828404
Economy https://ca.finance.yahoo.com/video/ai-deployment-could-end-being-212338985.html 54eee39187623dc4eced830c1921cca04ce8902e87f7700f46ae36b7feeb91fc 2023-03-31 18:09:10.287829
Economy https://ca.finance.yahoo.com/news/big-6-canadian-banks-tsx-172509523.html 911ccb6d6c034a39f9b99a92e917ab756d552f26bd81f4ca325388f8f015de9a 2023-03-31 18:09:11.913701
Economy https://ca.finance.yahoo.com/news/oil-heads-weekly-surge-iraqi-000134159.html 26ca9a573cde852d5acee42f55c892af7eebfdf61ff0370123a5093d0e4c88b4 2023-03-31 18:09:12.886575
Economy https://ca.finance.yahoo.com/news/teslas-price-war-cheaper-cars-191744961.html 0e6876cbface99173cda966606641040c5fa14bf937489ab90353eb5bc10c6c4 2023-03-31 18:09:14.002970
Economy https://ca.finance.yahoo.com/news/theres-simple-reason-why-very-173531958.html 960380afba98b53726b7958227c5602d8ea60c6afd9cb8f66d536ed8b15674d5 2023-03-31 18:09:15.319076
Economy https://ca.finance.yahoo.com/news/bill-ackman-warns-pausing-ai-164652134.html 1bb43ebf0dab9c104404626874c94b4edb16128e0c676f4c70c1ee1c648472be 2023-03-31 18:09:16.705045
Economy https://ca.finance.yahoo.com/news/dr-doom-nouriel-roubini-says-145921285.html 298aa48be86ce0ace304dc97feb0d2dba7b6043ca09a3cca7ca1f516ae9f8b55 2023-03-31 18:09:17.904853
Economy https://ca.finance.yahoo.com/news/spac-tied-trumps-truth-social-131757438.html e9cdffafbe7284b1a428ec912e065ba17127264fa1737bbb2e6cf70c12c17417 2023-03-31 18:09:19.101812
Economy https://ca.finance.yahoo.com/news/feds-cook-weigh-financial-conditions-215801559.html 49d8620028c59a855a92f602c0e2b2b9b716ddcff85e06ef5dd14cabfef67796 2023-03-31 18:09:20.225018
Health https://www.healthline.com/health/high-blood-pressure-hypertension f3100a88191dc2932bf3ab99ef8144eb8f764d2ef9afc7aa1076b5cc42c372d3 2023-03-31 18:09:37.366027
Health https://www.healthline.com/health/managing-idiopathic-pulmonary-fibrosis 19afdb5f02abad8cb4cd9a6f2d2aa9a15453ef9e918c6afc42c46a36e6c82d56 2023-03-31 18:09:38.036518
Health https://www.healthline.com/health/osteoarthritis 3092f8d2d4bc8efb40b5f1fa3c3eb5ed234fb4e08124f75e7d83fbce5415d984 2023-03-31 18:09:39.151621
Health https://www.healthline.com/health/psoriasis 62b4400837405e317510f6a262b40e6cb2e328c20e26e26f6086a007c6365952 2023-03-31 18:09:39.867284
Health https://www.healthline.com/health/skin-disorders 2902c166af57cdc4e524f4462e7df211960cb66a846c6747196b80b9ed5f7746 2023-03-31 18:09:41.287927
Health https://www.healthline.com/health/sexually-transmitted-diseases 16b5450c62fcfaf6741fdbd86fbc4aaee628abec44801f2dfdc0904f52a80143 2023-03-31 18:09:41.954484
Health https://www.healthline.com/content-series/present-tense e9a97e0caef380467c9e102b6488c0822c7f6e989a2829cf1a7434fc7c164ff9 2023-03-31 18:09:57.287989
Health https://www.healthline.com/health/video/youth-in-focus 54e092ddf663ec1ccbca5915741904f0b11a15f7d99474d28ff987e5a5cfe4b9 2023-03-31 18:09:58.915356
Health https://www.healthline.com/health/no-more-silence-video-series 6537df9cee9f35578e9a59605494c76ba7432e8c073feac16b7a1c84e935b088 2023-03-31 18:10:00.300163
Health https://www.healthline.com/newsletter-signup/mindfulness-challenge 06084a9f1e5a287ce368814e43e9dcd118ec793e6caec230f7d4f30067a7cf78 2023-03-31 18:10:01.352108
Astronomy https://www.universetoday.com/ fc7e16da0e442da7bd0880f68fc1cef6e0388370b16a3f03e770b3f27aed61cf 2023-04-01 11:07:39.107473
Astronomy https://www.space.com/who-is-bo-katan-kryze dec56382cf96c154a2775481ddc9b8c2de9185751ec81075331db061bbe9313c 2023-04-01 11:07:54.728404
Astronomy https://www.space.com/building-space-age-acknowledging-skilled-workers 351afafcfd101e1f1e31d2d76e90e341cb049852638ecb7f34b92049355825c0 2023-04-01 11:07:55.077056
Astronomy https://www.space.com/mercury-venus-pleiades-skywatching-april-2023 b3b8f8786ccba24e1f6453746ed3561c281f01d4f22ed9ee86328c1676ff0bd4 2023-04-01 11:07:55.403144
Astronomy https://www.space.com/this-week-in-space-podcast-twit e33d0929afeaaea4976942f670f2a18a0db6037ac31dbad8991f829011a6d4bd 2023-04-01 11:07:55.804966
Astronomy https://www.space.com/18880-moon-phases.html e723ad6a2f66f894017f00b49f4a2e478a6981c60d1398ca81147a2f8a730abf 2023-04-01 11:07:56.570461
Astronomy https://www.space.com/artemis-2-moon-mission-canadian-astronaut-seat-negotiations d11e89743e59fb0f64fd95a085a87740617d79eef1f19d646def7421e6bdb0ff 2023-04-01 11:07:57.123858
Astronomy https://www.space.com/best-space-pranks 6cf600d4eccd9d1cb8363612bbb6c7d229dc38b07b2c0dfb9d23f431b46be682 2023-04-01 11:07:57.567516
Astronomy https://www.space.com/astronaut-mike-mullane-signature-series-patch 111ab5bb8e4daf91448b849d23e91da843ff026e4803b18d35d0efb81c657ada 2023-04-01 11:07:57.969378
Astronomy https://www.space.com/amazon-kuiper-satellite-internet 28251a4432c668a9b681dcdadb9ec91ae35fc4986cee8a9271d2236facee6a3e 2023-04-01 11:07:59.524261
Economy https://www.marketwatch.com/ 61c13362079f8a3e15fb8745542869cbac2c02ca9168a1c62648b5e96c935cbf 2023-04-01 11:08:01.779862
Economy https://ca.finance.yahoo.com/news/federal-budgets-affordability-measures-risk-fuelling-inflation-economists-141130491.html 7d910b0c58d4e73be5f15ff5d0f72d0dd7f00a2f56cba1a4003987d1a56d5b83 2023-04-01 11:08:30.223247
Economy https://ca.finance.yahoo.com/news/3-things-you-may-have-missed-as-markets-wrapped-up-a-first-quarter-rally-101738661.html a61a39be725ace7dca7a51ce36c7179ea7047aadebe3e76d63d24fce1368b14d 2023-04-01 11:08:32.141220
Economy https://ca.finance.yahoo.com/news/bed-bath-beyond-sued-ousted-005821092.html 9edc93b47777def52a840cebdfb0c356c819fe8ccfd1b9e1af814ca79a1e46b7 2023-04-01 11:08:33.101655
Economy https://ca.finance.yahoo.com/news/is-chinas-red-carpet-era-canadian-business-about-to-end-151917723.html e502123029685fc536e71460d80a5a430d94062a51ab9017715be5e648e915d9 2023-04-01 11:08:34.100439
Economy https://ca.finance.yahoo.com/video/rogers-takeover-shaw-approved-ottawa-022952938.html 65a6159519888e0e361faa71c5a05eb14ae843bf4bcc69cd7ffa50103f3d1dc8 2023-04-01 11:08:34.964669
Economy https://ca.finance.yahoo.com/video/part-trump-loves-attention-hes-214813910.html 6c5c6e58361b1f26d81c9635a86f5a607f9591c09b344c657e3a791b3a169b44 2023-04-01 11:08:35.908405
Economy https://ca.finance.yahoo.com/news/ceo-worlds-biggest-record-company-080000544.html 294cb0f7be1c58b7c8a76beac0231b743f652e734a06ea2373880b9e4eccc128 2023-04-01 11:08:39.223708
Economy https://ca.finance.yahoo.com/news/deadly-storm-whips-tornadoes-across-143934328.html 1a996abc2c1faf882b153b4dfc48901792cfc5e81ac32890a3ca4eb6bf74d762 2023-04-01 11:08:40.187697
Economy https://ca.finance.yahoo.com/news/gas-prices-increase-nj-around-141713127.html 07da1d6699421dfb5093f829af0154dc86deecc1ad98f150df1e72eb029e7c24 2023-04-01 11:08:41.063142
Health https://www.cdc.gov/ 0ad92b04c3d40b7e81d93d98a2051ecb55fdf1eb4b56d29c7aa9a366083eeebf 2023-04-01 11:08:42.138958
Health https://www.healthline.com/newsletter-signup/align-your-spine-challenge 62291774bbd3e427aeb615e9aa9ec8a35bfbee44c10105d44998b01c7afee330 2023-04-01 11:09:05.434471
Health https://www.healthline.com/health/depression/teenage-quiz 05202174374aeee1ce4671235eb46abd50fa68e2d409e29a212f281b9ceac904 2023-04-01 11:09:06.921457
Health https://www.healthline.com/health/mental-health/quiz-are-you-a-workaholic#quiz-are-you-a-workaholic 4e5a113f731575fef88651984374f7a91876aac1cd56943efddb466b4faf631d 2023-04-01 11:09:07.346195
Health https://www.healthline.com/health/healthy-sleep/quiz-how-well-do-you-sleep 74eb0661a04c2583c672cecc9ff520be19c34a972576df56f5e78c1dba4eae92 2023-04-01 11:09:07.923124
Health https://www.healthline.com/health-news fd3f3239d5c51ee74bdba487d48592280791447f944f6fd693b29cf4586f554a 2023-04-01 11:09:08.466226
Health https://www.healthline.com/health/ibs-awareness-month f140e5cdc647067fe80827e50d1f6f713d91d6651eb19fa5b6eb8de00f92c595 2023-04-01 11:09:14.508005
Health https://www.healthline.com/health/teen-anxiety-symptoms 5768ec5d1294076af257bbb63f8bfb940c26fa5d383ca6fe8440b800b4f7b036 2023-04-01 11:09:15.692006
Health https://www.healthline.com/health/coffee-and-kidney-stones d608101726297a4215a130d5aa17aec409b40e4d7abc2f5a807a64965a4a6b86 2023-04-01 11:09:16.784739
Health https://www.healthline.com/health-news/social-anxiety-odors-from-other-peoples-sweat-may-help-ease-symptoms d59675a58312431c948072afdd72eec4e219897f1fe47772d43299da5ebb4242 2023-04-01 11:09:18.369989
Astronomy https://www.space.com/39251-on-this-day-in-space.html 0a3d8dfb0821ff1ed7ad6fd00ad318c667f9300b37ea71d4dfee64339919138e 2023-04-02 11:19:58.268261
Astronomy https://www.space.com/44-venus-second-planet-from-the-sun-brightest-planet-in-solar-system.html af2147f29a9cfb45ec1b0000a59d74d71fc280fd4aeff96fc6fe64aaa2bdd4ce 2023-04-02 11:19:59.088135
Astronomy https://www.space.com/nasa-artemis-2-moon-crew-announcement-livestream b4b0365faa9dcf69a9f0b837048654543465e48696afab0c399a81f8686c4a2f 2023-04-02 11:19:59.520904
Astronomy https://www.space.com/netflix-gears-of-war-film-jon-spaihts 4a440d99f9011f357081cad42aa5fea4eeea18fe8e62fbea952fe7d0b7797728 2023-04-02 11:20:00.124015
Astronomy https://www.space.com/taffy-galaxies-collision-creates-cosmic-butterfly f47aed1ac6000d9b7c59eb761e29306af3f6a17679f1b05045a53f0b7b86e840 2023-04-02 11:20:00.636143
Astronomy https://www.space.com/nasa-astronaut-doug-hurley-save-earth-for-beer b728be834d4bd0bc2da06830c7eb8d98a12f931edc71cb4857ce722a0f48efa7 2023-04-02 11:20:01.227572
Astronomy https://www.space.com/microgravity-vision-effects-astronauts 69e837d14caff4741fb4cdd8ff8a61a401d0f163ef41f7a9a3ac9b29dca2b3b4 2023-04-02 11:20:03.505678
Astronomy https://www.space.com/author/tariq-malik 1bf51a6b0d7d8b80a56efeebba93ffe97832c225be1c1bbdc13d294bbab6f2ab 2023-04-02 11:20:05.798987
Astronomy https://www.space.com/author/brett-tingley 74578e0f54bf3d3a233964cff840c79aad7efcffee22ab768e6b391817c80113 2023-04-02 11:20:06.236297
Astronomy https://www.space.com/author/mike-wall 741f3363d070a4049a1275ff4a28d89fa1721f9c87e47b4518ad4f5be49e4a63 2023-04-02 11:20:06.572438
Economy https://ca.finance.yahoo.com/news/oil-price-to-average-us85-for-next-12-months-survey-154814778.html e558e08d8462e014b1e55f2e08f8a16f9f4d891b74c031fe5f2ec8977cec54f2 2023-04-02 11:20:34.973806
Economy https://ca.finance.yahoo.com/news/federal-government-eases-restrictions-non-163230697.html de9b8535a5809a480506c4c80ad04caf98a30d01c11c1d42120bcbb3403b7341 2023-04-02 11:20:36.786475
Economy https://ca.finance.yahoo.com/news/budget-puts-ottawa-in-difficult-position-in-event-of-economic-slowdown-122643358.html 93f313f6df5fb6f8150c690262886f43e29ed4420210ee8dbe88e2695867508a 2023-04-02 11:20:37.906443
Economy https://ca.finance.yahoo.com/news/posthaste-canadians-leaving-free-money-121017006.html 5ca6de6a46a81a467a750e2d3960c1a8df6011dadf274cd75b5e085f07cdd735 2023-04-02 11:20:39.271077
Economy https://ca.finance.yahoo.com/video/wsj-opinion-election-stakes-chicago-132800621.html 21a6c08914d5c2662d423e920223c21dcd339c672b0ce3026e810c1c91a3d73c 2023-04-02 11:20:40.295928
Economy https://ca.finance.yahoo.com/video/wsj-opinion-sen-dan-sullivan-131800983.html 412f1361bb71a93f00af9114504228b8e8f60269983c2298e6b8cbe83084b55e 2023-04-02 11:20:41.341289
Economy https://ca.finance.yahoo.com/news/goldman-sachs-investing-200-million-135000312.html d5df6570d83d6daa54e4d96f9151008db1c741c4b9b4d984c85fab231d64125b 2023-04-02 11:20:44.541331
Economy https://ca.finance.yahoo.com/news/someone-hacked-phone-stole-credit-100000528.html 03d2f628713bd26edc20e20ad7b9f1801d9c9c38278114c9d5f3771f3d170f22 2023-04-02 11:20:45.689526
Economy https://ca.finance.yahoo.com/news/2-charged-cutting-wires-40-150054218.html 12f46dfbeb7300396933f0642594ca6c6e9c2cc0a145b5766bfc281f4d34d98f 2023-04-02 11:20:47.142046
Economy https://www.marketwatch.com/#maincontent 3fc59a86102ff86dd17f43f6b2d15691554a531a7bb00d8615c711898440954b 2023-04-02 11:21:02.214907
Health https://www.healthline.com/nutrition/probiotics-for-menopause 2d94ec54a62af2499d303673c15ebf8c5052becedec1c081fef5630a2115a480 2023-04-02 11:21:45.257241
Health https://www.healthline.com/health/healthy-sleep/mattress-quiz 0c7426f34b20aa3219e483267affbf36127119eea59f76a6408a05327f78e909 2023-04-02 11:21:46.876282
Health https://www.healthline.com/process 13ca215fa9e48b34231a82ba512d359bcb34ab926e3ad13f3e0f498c7bd40895 2023-04-02 11:21:51.975707
Health https://www.healthline.com/about 822dfbdb423a4d8c567d9459a03ce4e5fb7eeabd9a35fef171d127e0357fb538 2023-04-02 11:21:53.328434
Health https://www.healthline.com/about/contact-us e533408dc23908473710926667af77ae2bfd131978dcf4f364502c034aa9d21c 2023-04-02 11:21:54.082101
Health https://www.healthline.com/privacy-settings a76210d425002925d9a0f416aef17485246394e78a2a33865f657173b6fde70d 2023-04-02 11:21:55.557017
Health https://www.healthline.com/advertising-policy a7f5b458067746ba2b16570b340540407b64774b2fe41d693fe60c9164fca592 2023-04-02 11:21:56.305278
Health https://www.healthline.com/medical-team cacccfce460d55644cd09dd67ba1d81d5139e1e892f2f8e43381cf0faf385c19 2023-04-02 11:21:59.275287
Health https://www.healthline.com/about/content-integrity 946c73e23725c4efe4be5d32fec81ad6791741073cad7e794c4a11afdea35605 2023-04-02 11:22:00.033435
Health https://www.healthline.com/newsletter-signup cf4e848f5e7ef2c7d91bed76440572252576088727e70e8cdce8af1182f080ae 2023-04-02 11:22:00.617892
Astronomy https://www.space.com/pink-moon-2023-amazing-photos?utm_source=notification f6929daaba6a5677ca2e584d1ac3483451fff561986091de00f5079f13adf0a4 2023-04-07 11:53:10.431639
Astronomy https://www.space.com/guardians-of-the-galaxy-volume-3-poster-trailers 070c9fd24e43ba164f3a68dd8c976a57461fceb038a43d5e1feaeb2151ea83f8 2023-04-07 11:53:15.803479
Astronomy https://www.space.com/northrop-grumman-ng19-laurel-clark-shuttle-columbia 7b26d972d32adfe17833660b9a0369482084de0b3bc3c1500e07797424d8ad54 2023-04-07 11:53:16.148680
Astronomy https://www.space.com/new-lego-star-wars-sets-return-of-the-jedi-40th-anniversary 57d6541acfd89b8d42dc97f4b518ba647f0003469c3450168e0f4e6d87f4e1d7 2023-04-07 11:53:16.499691
Astronomy https://www.space.com/34-image-day.html 3a25055c972bf51e4b15979c83a71880b02bb022edc7e3d89240227055fbd445 2023-04-07 11:53:20.097619
Astronomy https://www.space.com/ring-red-light-ufo-italy-explainer decefaedc810489647869217b2958320644a6add857eda8b6957031de9953d40 2023-04-07 11:53:20.494175
Astronomy https://www.space.com/runaway-supermassive-black-hole-hubble-telescope e89f459fa2c4ea561870d583d8c6e467a434b3ec42eaf006112818eddaf4199d 2023-04-07 11:53:21.071013
Astronomy https://www.space.com/planetary-society-save-nasa-veritas-venus-mission 09559783f5ee1852885289ba8fd16625284625dd41875eeeff46cc6d4ea8c1ca 2023-04-07 11:53:21.353205
Astronomy https://www.space.com/spacex-intelsat-satellite-nasa-tempo-experiment-launch 2e9951fdd525fcbc4aa8edd297e6bb064ac9bf8e052fd0453dcc6bf11342cd94 2023-04-07 11:53:21.650941
Astronomy https://www.space.com/james-webb-space-telescope-uranus-rings-photo a1610e5b1c2a0b345fb8cd335841c5a402e4f4964eda47a963923565d2ac6eb3 2023-04-07 11:53:21.928988
Economy https://ca.finance.yahoo.com/news/air-canada-westjet-rank-last-february-140450253.html 31635b987ec464bc06a6ec9be2d21c38a5cc8b9371b70f2b6c34169ad41cdae6 2023-04-07 11:53:53.133156
Economy https://ca.finance.yahoo.com/news/canadians-spending-travel-services-cutting-154902619.html eea2c24632f92505ff2ca5943b32cbbecc275108b6d1612aeb96319a503910db 2023-04-07 11:53:54.932413
Economy https://ca.finance.yahoo.com/news/montreal-home-sales-hit-march-141851003.html 438f8a3cd8e7bd8c4a76c16166fd4aeff15c2796d2f4c0669e4805ba6cdac967 2023-04-07 11:53:55.843049
Economy https://ca.finance.yahoo.com/news/oil-price-spike-has-analysts-second-guessing-their-work-100043515.html b04fa2c09ce4c6f47a86003f46e67e7e121f4c40693c7e703eabf1c608962fcd 2023-04-07 11:53:56.976406
Economy https://ca.finance.yahoo.com/video/u-labor-market-undoubtedly-strongest-144819991.html 754050af188514ffa157fbd6f754a07d4b19f9d1fa7182dadf9e515d659f4696 2023-04-07 11:53:57.919374
Economy https://ca.finance.yahoo.com/video/hyundais-ev-plants-leave-two-134829296.html b98c26f30221450293d9af6ec6c43790ac27ee1321bbef02c551d2a23c54986c 2023-04-07 11:53:58.790979
Economy https://ca.finance.yahoo.com/news/economists-saying-another-jobs-blowout-143047108.html 32a5b9a29bff22c4f670c591451bb4670d8215f6fd3c11a8d918d995708e4aa5 2023-04-07 11:53:59.791429
Economy https://ca.finance.yahoo.com/news/alberta-investment-management-corp-reports-154654079.html 93dd5528cd27788ec87fb4b7048d520e68c2103695b72ae45995f839d9b88ece 2023-04-07 11:54:00.898848
Economy https://ca.finance.yahoo.com/news/blackrock-hired-sell-114-billion-211141355.html 91ba846f26ef40294b03d0b2e25dca7addaf3d42b252ea97d5e6fe908c29eb80 2023-04-07 11:54:01.877621
Economy https://ca.finance.yahoo.com/news/the-irs-lays-out-where-the-first-chunk-of-its-new-80-billion-in-funding-will-go-180333094.html 6fe36e9bdc2becd2b10f708ae5bd3275d224bba7ef8b5a8f3dd2cc986da74bd1 2023-04-07 11:54:02.971531
Health https://www.healthline.com/health/mental-health/disability-psychotherapy c27df3e040fdec829f41937cff29184ab4e058f038701f0bc3e3a54cf071e415 2023-04-07 11:54:38.590918
Health https://www.healthline.com/health-news/study-finds-light-therapy-may-help-people-with-dementia 9001292e2523fc58eda9b2fcc2e57f65717076102ddf22059fde70b954d7f20e 2023-04-07 11:54:39.384130
Health https://www.healthline.com/health-news/marburg-virus-cdc-issues-warning-over-outbreaks 075b78f7119a02b5d9046a208c4c68e91bcd06d812cfdd004d84a3b05657bc3b 2023-04-07 11:54:40.765054
Health https://www.healthline.com/health/endometriosis/my-endometriosis-diagnosis 8faf722af7cda8c5381a3c60c48cdf53776d2050a76ffc6b049204fe29b971b4 2023-04-07 11:54:41.964511
Health https://www.healthline.com/health/hay-fever-in-kids 0c3badec566a6c85c4e31614b71c3150be697504751f06ad5cdcc7f99b0731b9 2023-04-07 11:54:43.294992
Health https://www.healthline.com/nutrition/sleep-aids 1e6933ee85ea8402a17cf147b0d4ba574737e46bb503023e6632f88842c821d1 2023-04-07 11:54:44.576788
Health https://www.healthline.com/additional-information 6e5c433eb279e5719fb95705c85a09cf9d49632bb3871b0c7ed97295253d28cf 2023-04-07 11:54:56.509100
Health https://www.cdc.gov/#content eecb23354b80cc35f79f7500763ebd99f3ea0d62637f062179e816ed0570d678 2023-04-07 11:54:57.592392
Health https://www.cdc.gov/#headerSearch ad6ceb46a00b94528e9d55bd9ab582a845a9f8a1b10281920092b7d097b85b70 2023-04-07 11:54:57.993768
Health https://www.cdc.gov cd943a498827ec9201991be0398385ec22f75cd3f93c1c48c5849ba8dd0aec58 2023-04-07 11:54:58.810510
Astronomy https://www.space.com/juice-jupiter-moons-callisto-europa-ganymede-weird 11c5c2aecda100076ea725bcb1b25d5b4beca83394dd72e88a6b43790c3738fb 2023-04-07 13:18:47.166314
Astronomy https://www.space.com/nasa-dart-mission-asteroid-dimorphos-formation d76b6fd6093811df5e55153e7a646efd1cd8e38cff51393738e28e3641b06833 2023-04-07 13:18:47.811218
Astronomy https://www.space.com/spacex-starship-stacking-video-april-2023 e4f3520b7b4abbe911d008f115a706babe1cbf2ff6bdc6cbbea42acf777cc43b 2023-04-07 13:18:51.575811
Astronomy https://www.space.com/dawn-aerospace-space-plane-first-rocket-powered-flights-video 216689fab30a48896d4d6ed11c47ab81c99f2a8944b7cab05c2de6ee347a343c 2023-04-07 13:18:53.942350
Astronomy https://www.space.com/obi-wan-kenobi-force-fx-elite-lightsaber-review 7558d15b58ac84dd801b50483ed8938ce5a85cc05bb825d908cee165714b0997 2023-04-07 13:18:54.367262
Astronomy https://www.space.com/black-hole-killed-galaxy-star-formation-james-webb-telescope c21fe152e7cb8e0fc969fa9cc507c68e9f172dbf259b1816f4101e3a840d794d 2023-04-07 13:18:56.292498
Astronomy https://www.space.com/author/tereza-pultarova 1c16fc172a3e1805405f4ff561abc56bab6a12c797be398458a71e728a8c4e47 2023-04-07 13:19:00.704428
Astronomy https://www.space.com/author/elizabeth-howell 3021cae9eb65cc72488f5f28e9ba562406b7e6a24222d779c74edb0f02798ddf 2023-04-07 13:19:01.230922
Astronomy https://www.space.com/author/daisy-dobrijevic a6809c0bb8f99815fbdfa14dd6053ddb46c4550dbcf07dc85689fae6e14aa8b4 2023-04-07 13:19:01.816238
Astronomy https://www.space.com/author/jason-parnell-brookes d34fabfca58c16f9c415c31538cb69e6c6f502d32274138bbfb3726fd1ed6f1f 2023-04-07 13:19:02.304956
Economy https://ca.finance.yahoo.com/video/march-jobs-report-labor-market-151830171.html 05e6971f2f14725e94720a707bf35737a90cd043aabc707aa654232c57b55329 2023-04-07 13:19:38.814477
Economy https://ca.finance.yahoo.com/news/used-u-electric-vehicle-sales-165354196.html 5149a45a5dc9763c4c9e63968cb49e06dc41640dc4c074c8c6dfcd0fc704553a 2023-04-07 13:19:43.382018
Economy https://ca.finance.yahoo.com/news/ukraine-latest-credit-rating-pushed-064549055.html 2700fa18412102d7801117857acf2650dffd1c1d9a93fc0651c78889140f7703 2023-04-07 13:19:44.635503
Economy https://ca.finance.yahoo.com/news/one-thing-biden-and-trump-have-in-common-163146645.html 90313d1c785f610752971e01169488a1adfde9967c292f9d472878a6ca7b9e4d 2023-04-07 13:19:45.724494
Economy https://www.marketwatch.com/latest-news 8b8bcc6a0498e16cf37ff66d575dde0e0ce121f290de12406f78c92bd9c3919d 2023-04-07 13:20:02.780852
Economy https://www.marketwatch.com/watchlist 04948d534620a9656ad4a7847501e6246af2d7b5e0a90a33e0c1f4650f455a08 2023-04-07 13:20:03.354085
Economy https://www.marketwatch.com/market-data a6ecdcea5031d5bc270034595d479477571d36e7ef9510d94db3ba01cefe4e0c 2023-04-07 13:20:03.993736
Economy https://www.marketwatch.com/market-data/us 7feb57937c6bf8e74dc9da0248b556afcb01a27b488dc40e7a553718a225be65 2023-04-07 13:20:05.538228
Economy https://www.marketwatch.com/market-data/cryptocurrency 0b8585552fdb48fcc691f6cc60a143f2de6c1f991b3db4ce4efedc5739d86cdc 2023-04-07 13:20:06.306466
Economy https://www.marketwatch.com/market-data/europe 280e2317cc0138e7f38aea612402545efab1b0361caec21747abe81d392cd9a1 2023-04-07 13:20:06.914592
Health https://www.cdc.gov/ /health-topics.html 28caa63c24bcd6b4104912df28073c8d105c62f368c2566fbd9adf21c768206e 2023-04-07 13:21:07.180735
Health https://www.cdc.gov/outbreaks/index.html 9c799be794761e1305da04190c2181bc3edfb442f0a0b03be30a0ef0424b5078 2023-04-07 13:21:07.577258
Health https://www.cdc.gov/ /datastatistics/index.html 5ccedcfdedf70bece5c87fdb4e4a55da0103b0a2e15dea5e4aafbe49a1ab03c5 2023-04-07 13:21:08.166889
Health https://www.cdc.gov/publications/index.html 88d911a735dc51215d6c117beba0962986dd951a337299a4ef3697950344f606 2023-04-07 13:21:08.806867
Health https://www.cdc.gov/about/ f8287baa9540fb140a0d1911e2e9d13b50d15a0a3bba987d0530137ca0c5510e 2023-04-07 13:21:09.378487
Health https://www.cdc.gov/#print be958ad5ea2e94e0f2f05d788e5c3c263867c0bf507957022564b5989a4df388 2023-04-07 13:21:10.302208
Health https://www.cdc.gov/#collapse_21899642d7a806d6ba fafed4ee4b1b71bfb1760a823bd6ffdf37e0b16bb79d48ab0d5acb82b23c605c 2023-04-07 13:21:10.678113
Health https://www.cdc.gov/about/index.html e55f34455b0aac3bc3b4fb63839ff589997206183dbb2979312fd4787b37a386 2023-04-07 13:21:11.253166
Health https://www.cdc.gov/ncbddd/fasd/features/alcohol-use-during-pregnancy-fasd.html 5a8ee0afcbbf5a048f45c06dde2e101077045b398f68da86715bc3dad0aa8ddf 2023-04-07 13:21:12.075504
Health https://www.cdc.gov/health-topics.html eaf843910c8a1de184b71f950918f37bac0c8ef0235f7ad6d9669e09d6dbce96 2023-04-07 13:21:12.788367
