346a252379f2bbd253b53a46e670d8f1bd75d1713cb757708eccd537f9ed2149 https://cscircles.cemc.uwaterloo.ca/ 2023-02-13 16:49:47.167880 200
04d0e560ce9b3f2c28bca04dbe3cdfb0ce74cf39cfa525c7835da76df245bc17 http://www.uwaterloo.ca 2023-02-13 16:49:47.408441 200
88ee6846b3a9eac45b886e290dafc4b5ebc69432d2a6e848220cc65f92391f48 http://cemc.uwaterloo.ca 2023-02-13 16:49:47.683533 200
3b6fed7d3d659c6a1395707616a0814189b3e2a4de9be08713e500056be107f1 https://cscircles.cemc.uwaterloo.ca/ack/ 2023-02-13 16:49:47.862619 200
6f94d280c6d9446035f67b90a7641f3372c08b966e966967a8737e6d6168aebf https://cscircles.cemc.uwaterloo.ca/#content 2023-02-13 16:49:48.032704 200
e44722555f49b01bcdd7970517c31ba0b49d2f203c81570ac5b9898e7b9958bb https://cscircles.cemc.uwaterloo.ca/#secondary 2023-02-13 16:49:48.278312 200
4878f6a5b15c593f42a3557d56b715bf8fa934b2f445487ac17b54123b628943 https://cscircles.cemc.uwaterloo.ca/using-this-website/ 2023-02-13 16:49:48.467164 200
f44ee5edc94b5d19f1986c7d57e838e2e89dd5964ff088bcad3a3420ae9bb9ef https://cscircles.cemc.uwaterloo.ca/console/ 2023-02-13 16:49:48.691487 200
4e861be40d1eebd33114349770e9ffa8ea3f97d34c84fb9e61a4736376ae1ee3 https://cscircles.cemc.uwaterloo.ca//visualize 2023-02-13 16:49:48.920642 200
6f383477c35f65e3fa31e0919901b0700d0fa0000f14368a9fe66f7685596339 https://cscircles.cemc.uwaterloo.ca/run-at-home/ 2023-02-13 16:49:49.112950 200
5fbb1f0b5740d1c3460513e713d6772ed4dae99c99c9f9329ed7d591975d9c7c https://cscircles.cemc.uwaterloo.ca/resources/ 2023-02-13 16:49:49.321854 200
bc888544dbd608841848bd8d350bc9c75015551ec3bc2fea18beae02e0a82c5e https://cscircles.cemc.uwaterloo.ca/cheatsheet/ 2023-02-13 16:49:49.492636 200
606405042b2efa8c12b1f7de66c23d7ba2ba1092b2e8971c50f8bb9c222700cf https://cscircles.cemc.uwaterloo.ca/contact/ 2023-02-13 16:49:49.668069 200
3b6fed7d3d659c6a1395707616a0814189b3e2a4de9be08713e500056be107f1 https://cscircles.cemc.uwaterloo.ca/ack/ 2023-02-13 16:49:49.868141 200
4b3e5cfb92259d4d7083be490a03d05b040c6e8f66c3a549beb68a8815dc291e https://cscircles.cemc.uwaterloo.ca/user-page/ 2023-02-13 16:49:50.044127 200
346a252379f2bbd253b53a46e670d8f1bd75d1713cb757708eccd537f9ed2149 https://cscircles.cemc.uwaterloo.ca/ 2023-02-13 16:49:50.232264 200
d59221e5f4262949d510d3ace7f8a45a22f02e5d89e480cfabe7a8b42f9257bf https://cscircles.cemc.uwaterloo.ca/1-variables/ 2023-02-13 16:49:50.432092 200
c6d9d1450de62c9678cfbf97d4ef43afdd25aa65a7243330a65052d2934fea45 https://cscircles.cemc.uwaterloo.ca/1e-errors/ 2023-02-13 16:49:50.635278 200
4aa30f6aadee8277dbaac3906d1f67ce5c21cd20f6d57433267b6c0848fe8055 https://cscircles.cemc.uwaterloo.ca/2-functions/ 2023-02-13 16:49:50.844108 200
cc8cafd06463c11f4692475890df388d7eea4cfe812d4b3293478e297f994b8c https://cscircles.cemc.uwaterloo.ca/2x-extra-practice/ 2023-02-13 16:49:51.043093 200
04fb7b787b53b317ae8dd66e4823853592118cd4d2e59b67c1b4e1bd504c044f https://cscircles.cemc.uwaterloo.ca/3-comments-literals/ 2023-02-13 16:49:51.228698 200
e45aa380f1f1fa4e6f974f845ee660522c5650d9b78c21ede22b8bcc47ebbf23 https://cscircles.cemc.uwaterloo.ca/4-types/ 2023-02-13 16:49:51.418500 200
7249bae5e740be3b64fa5ed18fbcc7cff0ad5b58cfbdd11b12c4fba4101c62ba https://cscircles.cemc.uwaterloo.ca/5-input/ 2023-02-13 16:49:51.638458 200
0c25fc826d4ae8beab041d2713604885cf529cdd0ae450f91884ad0322c79cbd https://cscircles.cemc.uwaterloo.ca/6-if/ 2023-02-13 16:49:51.888368 200
d73956a20e13eaed151e646234d985c659a20e7ab20495fd2c5648035cf72195 https://cscircles.cemc.uwaterloo.ca/6d-design/ 2023-02-13 16:49:52.105192 200
26a84324ccc20ddd9c2c779b85637a9ea0f5541cacaac093010b33b14a069b46 https://cscircles.cemc.uwaterloo.ca/7-rich-editor/ 2023-02-13 16:49:52.305075 200
8b00798ed68c73a19c8896ba016fa96fe7b2d783778172b90d1b8fe17ae25b56 https://cscircles.cemc.uwaterloo.ca/7a-strings/ 2023-02-13 16:49:52.518544 200
6e890dd57ecbc4a50df5f3d0a3a1896de78f96aaf7cb4310c3f4170660df7f84 https://cscircles.cemc.uwaterloo.ca/7b-math/ 2023-02-13 16:49:52.793982 200
4fde5f2406678c627a8c08bbff6b5b58016d24cf56776cebca484f908f14ac0a https://cscircles.cemc.uwaterloo.ca/7c-loops/ 2023-02-13 16:49:53.032637 200
eb6d2ff6a23eb8cc0fd781ecfa8ac0ddbf38acc3f4c46d340c35d8dc8037fec9 https://cscircles.cemc.uwaterloo.ca/8-remix/ 2023-02-13 16:49:53.248818 200
05cdd5702689708bfb4d2fbb106895af7551179d0af29506c2b0cf6c15557e8a https://cscircles.cemc.uwaterloo.ca/9-else-and-or-not/ 2023-02-13 16:49:53.444198 200
00a7eaa855d82c825b08f5ef48cc54ce986384f8d640cb73e09236013938abd8 https://cscircles.cemc.uwaterloo.ca/10-def/ 2023-02-13 16:49:53.652391 200
951fb2820469c6e5cfccfc6f20a3a9ce9d1fd6fbcb37de53909d46bc52b713a7 https://cscircles.cemc.uwaterloo.ca/11a-lower-case/ 2023-02-13 16:49:53.838910 200
17b69a0156c2d2bb2b52d20b1827cf5135831e0cc4d4b3064e904e1ffb3035d2 https://cscircles.cemc.uwaterloo.ca/11b-how-functions-work/ 2023-02-13 16:49:54.060193 200
66e89a45137cdb7dd6d2faaad5d8c31494614918cdf89bad9de0f234348c0e2f https://cscircles.cemc.uwaterloo.ca/11c-geometry/ 2023-02-13 16:49:54.291785 200
342be1822af5b1df3100c0590e5b7a6a71f9a2d92ddd3cc28eba0352ee327c9e https://cscircles.cemc.uwaterloo.ca/12-tips/ 2023-02-13 16:49:54.513116 200
78dc668d742aed2e01562b458d14b8b7261c54f7acc120f23f1c988fc2fa5fdd https://cscircles.cemc.uwaterloo.ca/13-lists/ 2023-02-13 16:49:54.787652 200
2be8b7890b6b627f3ad7f8fa6bd024104531dc7093ab6a87d42215813e656684 https://cscircles.cemc.uwaterloo.ca/14-methods/ 2023-02-13 16:49:55.013384 200
9ed7245bc407102b973cf08c2d8b0209ad26a1394960926121d39379715fc053 https://cscircles.cemc.uwaterloo.ca/15a-basic/ 2023-02-13 16:49:55.225138 200
c22d9c6d188e43e3f5730fa3b4aa7bf8d714830ea9415ec2d39201ae812e7ec1 https://cscircles.cemc.uwaterloo.ca/15b-python-pushups/ 2023-02-13 16:49:55.462880 200
77bbea3cc67bad8f888192c5f582580064c6678a508766721401532f55e173f9 https://cscircles.cemc.uwaterloo.ca/15c/ 2023-02-13 16:49:55.666562 200
38cf0e474dc1d33e560f46999fe39349aef2a9c623f182a885b485b0f30182d9 https://cscircles.cemc.uwaterloo.ca/16-recursion/ 2023-02-13 16:49:55.895643 200
1305a88b498218cc63871a2f76befe30b641c0c070ffcf8d6bd9d1f0942acd1c https://cscircles.cemc.uwaterloo.ca/17-is/ 2023-02-13 16:49:56.138278 200
e7a7fc5a97c5d08e6544ca29ef5ed6f1ef845ce2166ac12baeae872235866608 https://cscircles.cemc.uwaterloo.ca/18-efficiency/ 2023-02-13 16:49:56.357524 200
4878f6a5b15c593f42a3557d56b715bf8fa934b2f445487ac17b54123b628943 https://cscircles.cemc.uwaterloo.ca/using-this-website/ 2023-02-13 16:49:56.595306 200
6ec055ceaed8fd3299e1b31ddb74246cdfc455c8ff0fa985449aa21cf5ddab10 https://cscircles.cemc.uwaterloo.ca/wp-login.php?redirect_to=https%3A%2F%2Fcscircles.cemc.uwaterloo.ca%2F 2023-02-13 16:49:56.745919 200
8013a4395d45912f7b1a4bb6622cc96d434b15273316acd943a2a7753c478bfd https://open.cs.uwaterloo.ca/python-from-scratch/ 2023-02-13 16:49:56.934192 200
8148a218290b7dfc9a77efba35190e2d86c426fa15448510c0aee0bb3d987ebb https://open.cs.uwaterloo.ca/language-independent-lessons/ 2023-02-13 16:49:57.099166 200
2ab851d3686f61f34a03682f3529ed5d924a784a77eb0567933715da3801c769 http://cscircles.cemc.uwaterloo.ca/wp-login.php?redirect_to=http://cscircles.cemc.uwaterloo.ca/ 2023-02-13 16:49:57.325272 200
d59221e5f4262949d510d3ace7f8a45a22f02e5d89e480cfabe7a8b42f9257bf https://cscircles.cemc.uwaterloo.ca/1-variables/ 2023-02-13 16:49:57.526244 200
c6d9d1450de62c9678cfbf97d4ef43afdd25aa65a7243330a65052d2934fea45 https://cscircles.cemc.uwaterloo.ca/1e-errors/ 2023-02-13 16:49:57.764743 200
88ee6846b3a9eac45b886e290dafc4b5ebc69432d2a6e848220cc65f92391f48 http://cemc.uwaterloo.ca 2023-02-13 16:49:58.012009 200
bc01fc27b1dfe9b888270c8513e5eadee1c7a28ba70e14123c399f8d2ee9b491 http://cemc.uwaterloo.ca/copyright.html 2023-02-13 16:49:58.187472 200
3bfe31669953c4c9fa9b4d80efa9e9bcb14d074463f67339c01bf8209d97aee5 http://www.cemc.uwaterloo.ca/ 2023-02-13 16:49:58.398145 200
04d0e560ce9b3f2c28bca04dbe3cdfb0ce74cf39cfa525c7835da76df245bc17 http://www.uwaterloo.ca 2023-02-13 16:49:58.587462 200
606405042b2efa8c12b1f7de66c23d7ba2ba1092b2e8971c50f8bb9c222700cf https://cscircles.cemc.uwaterloo.ca/contact/ 2023-02-13 16:49:58.867315 200
eb2df7762609f4d95c13b09eae5b2ff208071a2d8dc1f12eb9c417cc4353b637 https://cscircles.cemc.uwaterloo.ca/fr/ 2023-02-13 16:49:59.062513 200
66f9ae0916c44f380bc205b638da8d552a1aef632448fc16b873d87d7523fd92 https://cscircles.cemc.uwaterloo.ca/de/ 2023-02-13 16:49:59.265523 200
5ed38751b3db6201a513eea37d751703281216d752aacc7a40a9ace49d81fcef https://cscircles.cemc.uwaterloo.ca/nl/ 2023-02-13 16:49:59.485044 200
91154c711a25bb8a00feab647146659aa8fc934a14e9f50072eade6f9f8086b2 https://cscircles.cemc.uwaterloo.ca/lt/ 2023-02-13 16:49:59.721767 200
d2f112b59505f308ff32dcfef194848eba56e18d95710930c1bfd38c4dcad929 https://cscircles.cemc.uwaterloo.ca/zh/ 2023-02-13 16:49:59.955416 200
65a81bd80e79b024a90bc664b907680405c60294c9fde14e536692c5b95163c8 https://cscircles.cemc.uwaterloo.ca/#wp-toolbar 2023-02-13 16:50:00.200221 200
346a252379f2bbd253b53a46e670d8f1bd75d1713cb757708eccd537f9ed2149 https://cscircles.cemc.uwaterloo.ca/ 2023-02-13 16:50:00.466311 200
8416a4667667b32985b87c58b4fc865a460c206fcbd10180581afaa8d57e1c45 https://cscircles.cemc.uwaterloo.ca/wp-login.php?redirect_to=%2F 2023-02-13 16:50:00.620628 200
